[10:39:05]: --- Begin setup component ---
[10:39:05]: Appending Socket #0
[10:39:05]: Appending Socket #1
[10:39:05]: Appending Socket #2
[10:39:06]: Appending Socket #3
[10:39:06]: Appending Socket #4
[10:39:06]: Appending Socket #5
[10:39:06]: Appending Socket #6
[10:39:06]: Appending Socket #7
[10:39:06]: Appending Socket #8
[10:39:06]: Appending Socket #9
[10:39:06]: Appending Socket #10
[10:39:06]: Appending Socket #11
[10:39:07]: Appending Socket #12
[10:39:07]: Appending Socket #13
[10:39:07]: Appending Socket #14
[10:39:07]: Appending Socket #15
[10:39:07]: Appending Socket #16
[10:39:07]: Appending Socket #17
[10:39:07]: Appending Socket #18
[10:39:07]: Appending Socket #19
[10:39:07]: All Socket allocated safely [20 Socket]
[10:39:07]: Done Setup!
[10:39:07]: 
[10:39:08]: Searching for compatible socket to listen...
[10:39:33]: --- Begin setup component ---
[10:39:34]: Appending Socket #0
[10:39:34]: Appending Socket #1
[10:39:34]: Appending Socket #2
[10:39:34]: Appending Socket #3
[10:39:34]: Appending Socket #4
[10:39:34]: Appending Socket #5
[10:39:34]: Appending Socket #6
[10:39:34]: Appending Socket #7
[10:39:34]: Appending Socket #8
[10:39:34]: Appending Socket #9
[10:39:35]: Appending Socket #10
[10:39:35]: Appending Socket #11
[10:39:35]: Appending Socket #12
[10:39:35]: Appending Socket #13
[10:39:35]: Appending Socket #14
[10:39:35]: Appending Socket #15
[10:39:35]: Appending Socket #16
[10:39:35]: Appending Socket #17
[10:39:35]: Appending Socket #18
[10:39:36]: Appending Socket #19
[10:39:36]: All Socket allocated safely [20 Socket]
[10:39:36]: Done Setup!
[10:39:36]: 
[10:39:37]: Searching for compatible socket to listen...
[10:46:30]: --- Begin setup component ---
[10:46:30]: Appending Socket #0
[10:46:31]: Appending Socket #1
[10:46:31]: Appending Socket #2
[10:46:31]: Appending Socket #3
[10:46:31]: Appending Socket #4
[10:46:31]: Appending Socket #5
[10:46:31]: Appending Socket #6
[10:46:31]: Appending Socket #7
[10:46:31]: Appending Socket #8
[10:46:31]: Appending Socket #9
[10:46:31]: Appending Socket #10
[10:46:32]: Appending Socket #11
[10:46:32]: Appending Socket #12
[10:46:32]: Appending Socket #13
[10:46:32]: Appending Socket #14
[10:46:32]: Appending Socket #15
[10:46:32]: Appending Socket #16
[10:46:32]: Appending Socket #17
[10:46:32]: Appending Socket #18
[10:46:32]: Appending Socket #19
[10:46:32]: All Socket allocated safely [20 Socket]
[10:46:32]: Done Setup!
[10:46:32]: 
[10:46:33]: Searching for compatible socket to listen...
[13:22:56]: --- Begin setup component ---
[13:22:56]: Appending Socket #0
[13:22:56]: Appending Socket #1
[13:22:56]: Appending Socket #2
[13:22:56]: Appending Socket #3
[13:22:57]: Appending Socket #4
[13:22:57]: Appending Socket #5
[13:22:57]: Appending Socket #6
[13:22:57]: Appending Socket #7
[13:22:57]: Appending Socket #8
[13:22:57]: Appending Socket #9
[13:22:57]: Appending Socket #10
[13:22:57]: Appending Socket #11
[13:22:57]: Appending Socket #12
[13:22:57]: Appending Socket #13
[13:22:58]: Appending Socket #14
[13:22:58]: Appending Socket #15
[13:22:58]: Appending Socket #16
[13:22:58]: Appending Socket #17
[13:22:58]: Appending Socket #18
[13:22:58]: Appending Socket #19
[13:22:58]: All Socket allocated safely [20 Socket]
[13:22:58]: Done Setup!
[13:22:58]: 
[13:22:59]: Searching for compatible socket to listen...
